Using pre-set license
Built from '2020.3/release' branch; Version is '2020.3.7f1 (dd97f2c94397) revision 14522354'; Using compiler version '192528614'; Build Type 'Release'
OS: 'Windows 10 Home; OS build 19042.985; Version 2009; 64bit' Language: 'ko' Physical Memory: 16303 MB
BatchMode: 1, IsHumanControllingUs: 0, StartBugReporterOnCrash: 0, Is64bit: 1, IsPro: 0

 COMMAND LINE ARGUMENTS:
C:\Program Files\Unity\Hub\Editor\2020.3.7f1\Editor\Unity.exe
-adb2
-batchMode
-noUpm
-name
AssetImportWorker0
-projectPath
C:/Users/USER/OneDrive/문서/SuanShooting
-logFile
Logs/AssetImportWorker0.log
-srvPort
1805
Successfully changed project path to: C:/Users/USER/OneDrive/문서/SuanShooting
C:/Users/USER/OneDrive/문서/SuanShooting
Using Asset Import Pipeline V2.
Refreshing native plugins compatible for Editor in 42.41 ms, found 1 plugins.
Preloading 0 native plugins for Editor in 0.00 ms.
Initialize engine version: 2020.3.7f1 (dd97f2c94397)
[Subsystems] Discovering subsystems at path C:/Program Files/Unity/Hub/Editor/2020.3.7f1/Editor/Data/Resources/UnitySubsystems
[Subsystems] Discovering subsystems at path C:/Users/USER/OneDrive/문서/SuanShooting/Assets
GfxDevice: creating device client; threaded=0
Direct3D:
    Version:  Direct3D 11.0 [level 11.1]
    Renderer: NVIDIA GeForce RTX 2060 (ID=0x1f51)
    Vendor:   
    VRAM:     5980 MB
    Driver:   26.21.14.3162
Initialize mono
Mono path[0] = 'C:/Program Files/Unity/Hub/Editor/2020.3.7f1/Editor/Data/Managed'
Mono path[1] = 'C:/Program Files/Unity/Hub/Editor/2020.3.7f1/Editor/Data/MonoBleedingEdge/lib/mono/unityjit'
Mono config path = 'C:/Program Files/Unity/Hub/Editor/2020.3.7f1/Editor/Data/MonoBleedingEdge/etc'
Using monoOptions --debugger-agent=transport=dt_socket,embedding=1,server=y,suspend=n,address=127.0.0.1:56748
Begin MonoManager ReloadAssembly
Registering precompiled unity dll's ...
Register platform support module: C:/Program Files/Unity/Hub/Editor/2020.3.7f1/Editor/Data/PlaybackEngines/WindowsStandaloneSupport/UnityEditor.WindowsStandalone.Extensions.dll
Registered in 0.001798 seconds.
Native extension for WindowsStandalone target not found
Refreshing native plugins compatible for Editor in 31.87 ms, found 1 plugins.
Preloading 0 native plugins for Editor in 0.00 ms.
Mono: successfully reloaded assembly
- Completed reload, in  1.844 seconds
Platform modules already initialized, skipping
Registering precompiled user dll's ...
Registered in 0.001055 seconds.
Begin MonoManager ReloadAssembly
Native extension for WindowsStandalone target not found
Refreshing native plugins compatible for Editor in 34.91 ms, found 1 plugins.
Preloading 0 native plugins for Editor in 0.00 ms.
Mono: successfully reloaded assembly
- Completed reload, in  0.915 seconds
Platform modules already initialized, skipping
========================================================================
Worker process is ready to serve import requests
Launched and connected shader compiler UnityShaderCompiler.exe after 0.06 seconds
Refreshing native plugins compatible for Editor in 0.31 ms, found 1 plugins.
Preloading 0 native plugins for Editor in 0.00 ms.
Unloading 1814 Unused Serialized files (Serialized files now loaded: 0)
System memory in use before: 85.0 MB.
System memory in use after: 85.1 MB.

Unloading 19 unused Assets to reduce memory usage. Loaded Objects now: 2262.
Total: 2.382600 ms (FindLiveObjects: 0.181200 ms CreateObjectMapping: 0.143100 ms MarkObjects: 1.956100 ms  DeleteObjects: 0.101300 ms)

========================================================================
Received Import Request.
  path: Assets/pre/suansniping 3.prefab
  artifactKey: Guid(d6734781e7e794b498f64c345d2ed9bc) Importer(815301076,1909f56bfc062723c751e8b465ee728b)
Start importing Assets/pre/suansniping 3.prefab using Guid(d6734781e7e794b498f64c345d2ed9bc) Importer(815301076,1909f56bfc062723c751e8b465ee728b)  -> (artifact id: '5d12247d12b22573fe6bd4351242f975') in 0.163174 seconds
  Import took 0.168184 seconds .

========================================================================
Received Import Request.
  Time since last request: 2.265326 seconds.
  path: Assets/pre/suansniping 3.prefab
  artifactKey: Guid(d6734781e7e794b498f64c345d2ed9bc) Importer(815301076,1909f56bfc062723c751e8b465ee728b)
Start importing Assets/pre/suansniping 3.prefab using Guid(d6734781e7e794b498f64c345d2ed9bc) Importer(815301076,1909f56bfc062723c751e8b465ee728b)  -> (artifact id: '445defb58834c218bd1e65961aeb2217') in 0.026204 seconds
  Import took 0.032173 seconds .

========================================================================
Received Import Request.
  Time since last request: 6.607281 seconds.
  path: Assets/Sc/PlayerBulletMove.cs
  artifactKey: Guid(549a8107de5c65a4c80f0fcd014b5236) Importer(815301076,1909f56bfc062723c751e8b465ee728b)
Start importing Assets/Sc/PlayerBulletMove.cs using Guid(549a8107de5c65a4c80f0fcd014b5236) Importer(815301076,1909f56bfc062723c751e8b465ee728b)  -> (artifact id: '5bb24336f5974ab33f396eecb03fe0d9') in 0.023932 seconds
  Import took 0.028695 seconds .

========================================================================
Received Import Request.
  Time since last request: 0.380101 seconds.
  path: Assets/Sc/UsuanMove.cs
  artifactKey: Guid(f6762f09140a8a547b43157daccd9070) Importer(815301076,1909f56bfc062723c751e8b465ee728b)
Start importing Assets/Sc/UsuanMove.cs using Guid(f6762f09140a8a547b43157daccd9070) Importer(815301076,1909f56bfc062723c751e8b465ee728b)  -> (artifact id: '1f756447a21e92196229556ebd79ab2c') in 0.006655 seconds
  Import took 0.012673 seconds .

========================================================================
Received Import Request.
  Time since last request: 0.003230 seconds.
  path: Assets/Sc/UsuanMove.cs
  artifactKey: Guid(f6762f09140a8a547b43157daccd9070) Importer(815301076,1909f56bfc062723c751e8b465ee728b)
Start importing Assets/Sc/UsuanMove.cs using Guid(f6762f09140a8a547b43157daccd9070) Importer(815301076,1909f56bfc062723c751e8b465ee728b)  -> (artifact id: '1f756447a21e92196229556ebd79ab2c') in 0.003210 seconds
  Import took 0.008950 seconds .

========================================================================
Received Import Request.
  Time since last request: 185.653641 seconds.
  path: Assets/Sc/SuanSnipingImage.cs
  artifactKey: Guid(25be3ff90e17aca4e9d781231508a434) Importer(815301076,1909f56bfc062723c751e8b465ee728b)
Start importing Assets/Sc/SuanSnipingImage.cs using Guid(25be3ff90e17aca4e9d781231508a434) Importer(815301076,1909f56bfc062723c751e8b465ee728b)  -> (artifact id: 'ecf0fd489d8144c83a8eb7d8ad600462') in 0.008627 seconds
  Import took 0.015934 seconds .

========================================================================
Received Prepare
Registering precompiled user dll's ...
Registered in 0.001790 seconds.
Begin MonoManager ReloadAssembly
Native extension for WindowsStandalone target not found
Refreshing native plugins compatible for Editor in 0.32 ms, found 1 plugins.
Preloading 0 native plugins for Editor in 0.00 ms.
Mono: successfully reloaded assembly
- Completed reload, in  0.972 seconds
Platform modules already initialized, skipping
Switching build target platform(5) subTarget(0) extendedPlatform(0) -> platform(13) subTarget(537395200) extendedPlatform(0)
Refreshing native plugins compatible for Editor in 0.33 ms, found 1 plugins.
Preloading 0 native plugins for Editor in 0.00 ms.
Unloading 1808 Unused Serialized files (Serialized files now loaded: 0)
System memory in use before: 87.6 MB.
System memory in use after: 87.7 MB.

Unloading 8 unused Assets to reduce memory usage. Loaded Objects now: 2273.
Total: 2.650700 ms (FindLiveObjects: 0.455900 ms CreateObjectMapping: 0.133300 ms MarkObjects: 2.044400 ms  DeleteObjects: 0.015700 ms)

AssetImportParameters requested are different than current active one (requested -> active):
  custom:graphics/normal-map-encoding: 01000000000000000000000000000000 -> 02000000000000000000000000000000
========================================================================
Received Import Request.
  Time since last request: 135.969406 seconds.
  path: Assets/Sc/GameManager.cs
  artifactKey: Guid(2b1ecbd678373024a9894dcaf62ac0a8) Importer(815301076,1909f56bfc062723c751e8b465ee728b)
Start importing Assets/Sc/GameManager.cs using Guid(2b1ecbd678373024a9894dcaf62ac0a8) Importer(815301076,1909f56bfc062723c751e8b465ee728b)  -> (artifact id: 'aef473b4af94023e538887a132038bf8') in 0.017123 seconds
  Import took 0.022621 seconds .

========================================================================
Received Import Request.
  Time since last request: 0.011475 seconds.
  path: Assets/Sc/GameManager.cs
  artifactKey: Guid(2b1ecbd678373024a9894dcaf62ac0a8) Importer(815301076,1909f56bfc062723c751e8b465ee728b)
Start importing Assets/Sc/GameManager.cs using Guid(2b1ecbd678373024a9894dcaf62ac0a8) Importer(815301076,1909f56bfc062723c751e8b465ee728b)  -> (artifact id: 'aef473b4af94023e538887a132038bf8') in 0.002735 seconds
  Import took 0.007886 seconds .

========================================================================
Received Prepare
Registering precompiled user dll's ...
Registered in 0.002844 seconds.
Begin MonoManager ReloadAssembly
Native extension for WindowsStandalone target not found
Refreshing native plugins compatible for Editor in 0.44 ms, found 1 plugins.
Preloading 0 native plugins for Editor in 0.00 ms.
Mono: successfully reloaded assembly
- Completed reload, in  0.967 seconds
Platform modules already initialized, skipping
Switching build target platform(5) subTarget(0) extendedPlatform(0) -> platform(13) subTarget(537395200) extendedPlatform(0)
Refreshing native plugins compatible for Editor in 0.31 ms, found 1 plugins.
Preloading 0 native plugins for Editor in 0.00 ms.
Unloading 1808 Unused Serialized files (Serialized files now loaded: 0)
System memory in use before: 87.6 MB.
System memory in use after: 87.7 MB.

Unloading 8 unused Assets to reduce memory usage. Loaded Objects now: 2276.
Total: 1.757300 ms (FindLiveObjects: 0.194500 ms CreateObjectMapping: 0.067900 ms MarkObjects: 1.480700 ms  DeleteObjects: 0.013300 ms)

AssetImportParameters requested are different than current active one (requested -> active):
  custom:graphics/normal-map-encoding: 01000000000000000000000000000000 -> 02000000000000000000000000000000
========================================================================
Received Import Request.
  Time since last request: 77.607884 seconds.
  path: Assets/Sc/GameManager.cs
  artifactKey: Guid(2b1ecbd678373024a9894dcaf62ac0a8) Importer(815301076,1909f56bfc062723c751e8b465ee728b)
Start importing Assets/Sc/GameManager.cs using Guid(2b1ecbd678373024a9894dcaf62ac0a8) Importer(815301076,1909f56bfc062723c751e8b465ee728b)  -> (artifact id: '6e37b4c9f6bb79be17592641ccbdd237') in 0.019087 seconds
  Import took 0.024901 seconds .

========================================================================
Received Import Request.
  Time since last request: 42.388392 seconds.
  path: Assets/pre/suansniping 3.prefab
  artifactKey: Guid(d6734781e7e794b498f64c345d2ed9bc) Importer(815301076,1909f56bfc062723c751e8b465ee728b)
Start importing Assets/pre/suansniping 3.prefab using Guid(d6734781e7e794b498f64c345d2ed9bc) Importer(815301076,1909f56bfc062723c751e8b465ee728b)  -> (artifact id: 'ff54f8e562f545b327e05fd43382df21') in 0.073501 seconds
  Import took 0.081145 seconds .

========================================================================
Received Prepare
Registering precompiled user dll's ...
Registered in 0.001028 seconds.
Begin MonoManager ReloadAssembly
Native extension for WindowsStandalone target not found
Refreshing native plugins compatible for Editor in 0.33 ms, found 1 plugins.
Preloading 0 native plugins for Editor in 0.00 ms.
Mono: successfully reloaded assembly
- Completed reload, in  0.936 seconds
Platform modules already initialized, skipping
Switching build target platform(5) subTarget(0) extendedPlatform(0) -> platform(13) subTarget(537395200) extendedPlatform(0)
Refreshing native plugins compatible for Editor in 0.32 ms, found 1 plugins.
Preloading 0 native plugins for Editor in 0.00 ms.
Unloading 1808 Unused Serialized files (Serialized files now loaded: 0)
System memory in use before: 87.7 MB.
System memory in use after: 87.8 MB.

Unloading 8 unused Assets to reduce memory usage. Loaded Objects now: 2280.
Total: 1.722200 ms (FindLiveObjects: 0.217700 ms CreateObjectMapping: 0.059600 ms MarkObjects: 1.432000 ms  DeleteObjects: 0.012100 ms)

AssetImportParameters requested are different than current active one (requested -> active):
  custom:graphics/normal-map-encoding: 01000000000000000000000000000000 -> 02000000000000000000000000000000
========================================================================
Received Import Request.
  Time since last request: 326.666407 seconds.
  path: Assets/pre/regeno-export.prefab
  artifactKey: Guid(07e7c2a539b6b56489eeafa2d08a5ac3) Importer(815301076,1909f56bfc062723c751e8b465ee728b)
Start importing Assets/pre/regeno-export.prefab using Guid(07e7c2a539b6b56489eeafa2d08a5ac3) Importer(815301076,1909f56bfc062723c751e8b465ee728b)  -> (artifact id: 'd35adc7a8656841dc03a1188ca9f1f79') in 0.078399 seconds
  Import took 0.084584 seconds .

========================================================================
Received Import Request.
  Time since last request: 12.435668 seconds.
  path: Assets/pre/regeno-export.prefab
  artifactKey: Guid(07e7c2a539b6b56489eeafa2d08a5ac3) Importer(815301076,1909f56bfc062723c751e8b465ee728b)
Start importing Assets/pre/regeno-export.prefab using Guid(07e7c2a539b6b56489eeafa2d08a5ac3) Importer(815301076,1909f56bfc062723c751e8b465ee728b)  -> (artifact id: 'a49cf69f039a3cd3e424c7e1bfc43fcc') in 0.033028 seconds
  Import took 0.042078 seconds .

========================================================================
Received Prepare
Registering precompiled user dll's ...
Registered in 0.001190 seconds.
Begin MonoManager ReloadAssembly
Native extension for WindowsStandalone target not found
Refreshing native plugins compatible for Editor in 0.35 ms, found 1 plugins.
Preloading 0 native plugins for Editor in 0.00 ms.
Mono: successfully reloaded assembly
- Completed reload, in  0.956 seconds
Platform modules already initialized, skipping
Switching build target platform(5) subTarget(0) extendedPlatform(0) -> platform(13) subTarget(537395200) extendedPlatform(0)
Refreshing native plugins compatible for Editor in 0.31 ms, found 1 plugins.
Preloading 0 native plugins for Editor in 0.00 ms.
Unloading 1808 Unused Serialized files (Serialized files now loaded: 0)
System memory in use before: 87.7 MB.
System memory in use after: 87.8 MB.

Unloading 8 unused Assets to reduce memory usage. Loaded Objects now: 2284.
Total: 1.891300 ms (FindLiveObjects: 0.158400 ms CreateObjectMapping: 0.056600 ms MarkObjects: 1.663800 ms  DeleteObjects: 0.011800 ms)

AssetImportParameters requested are different than current active one (requested -> active):
  custom:graphics/normal-map-encoding: 01000000000000000000000000000000 -> 02000000000000000000000000000000
========================================================================
Received Import Request.
  Time since last request: 155.027901 seconds.
  path: Assets/pre/regeno-export.prefab
  artifactKey: Guid(07e7c2a539b6b56489eeafa2d08a5ac3) Importer(815301076,1909f56bfc062723c751e8b465ee728b)
Start importing Assets/pre/regeno-export.prefab using Guid(07e7c2a539b6b56489eeafa2d08a5ac3) Importer(815301076,1909f56bfc062723c751e8b465ee728b)  -> (artifact id: '34d6e711b9b0a8cabcffef437dd2b6aa') in 0.087557 seconds
  Import took 0.116180 seconds .

========================================================================
Received Import Request.
  Time since last request: 13.341871 seconds.
  path: Assets/pre/regeno-export.prefab
  artifactKey: Guid(07e7c2a539b6b56489eeafa2d08a5ac3) Importer(815301076,1909f56bfc062723c751e8b465ee728b)
Start importing Assets/pre/regeno-export.prefab using Guid(07e7c2a539b6b56489eeafa2d08a5ac3) Importer(815301076,1909f56bfc062723c751e8b465ee728b)  -> (artifact id: '864eeb4bb4ba37eaa3e4448086b464a5') in 0.027945 seconds
  Import took 0.051207 seconds .

========================================================================
Received Import Request.
  Time since last request: 2.457937 seconds.
  path: Assets/pre/regeno-export.prefab
  artifactKey: Guid(07e7c2a539b6b56489eeafa2d08a5ac3) Importer(815301076,1909f56bfc062723c751e8b465ee728b)
Start importing Assets/pre/regeno-export.prefab using Guid(07e7c2a539b6b56489eeafa2d08a5ac3) Importer(815301076,1909f56bfc062723c751e8b465ee728b)  -> (artifact id: 'd3a6a0f51bf189c115a70511874f9c30') in 0.023014 seconds
  Import took 0.031494 seconds .

========================================================================
Received Import Request.
  Time since last request: 6.592074 seconds.
  path: Assets/pre/regeno-export.prefab
  artifactKey: Guid(07e7c2a539b6b56489eeafa2d08a5ac3) Importer(815301076,1909f56bfc062723c751e8b465ee728b)
Start importing Assets/pre/regeno-export.prefab using Guid(07e7c2a539b6b56489eeafa2d08a5ac3) Importer(815301076,1909f56bfc062723c751e8b465ee728b)  -> (artifact id: '40289b3c3daec14b54bf475ee9ca807e') in 0.025878 seconds
  Import took 0.035838 seconds .

========================================================================
Received Prepare
Registering precompiled user dll's ...
Registered in 0.001135 seconds.
Begin MonoManager ReloadAssembly
Native extension for WindowsStandalone target not found
Refreshing native plugins compatible for Editor in 0.46 ms, found 1 plugins.
Preloading 0 native plugins for Editor in 0.00 ms.
Mono: successfully reloaded assembly
- Completed reload, in  1.051 seconds
Platform modules already initialized, skipping
Switching build target platform(5) subTarget(0) extendedPlatform(0) -> platform(13) subTarget(537395200) extendedPlatform(0)
Refreshing native plugins compatible for Editor in 0.31 ms, found 1 plugins.
Preloading 0 native plugins for Editor in 0.00 ms.
Unloading 1808 Unused Serialized files (Serialized files now loaded: 0)
System memory in use before: 87.7 MB.
System memory in use after: 87.9 MB.

Unloading 8 unused Assets to reduce memory usage. Loaded Objects now: 2288.
Total: 2.081000 ms (FindLiveObjects: 0.327400 ms CreateObjectMapping: 0.094100 ms MarkObjects: 1.644600 ms  DeleteObjects: 0.014100 ms)

AssetImportParameters requested are different than current active one (requested -> active):
  custom:graphics/normal-map-encoding: 01000000000000000000000000000000 -> 02000000000000000000000000000000
========================================================================
Received Prepare
Registering precompiled user dll's ...
Registered in 0.001086 seconds.
Begin MonoManager ReloadAssembly
Native extension for WindowsStandalone target not found
Refreshing native plugins compatible for Editor in 0.31 ms, found 1 plugins.
Preloading 0 native plugins for Editor in 0.00 ms.
Mono: successfully reloaded assembly
- Completed reload, in  1.020 seconds
Platform modules already initialized, skipping
Switching build target platform(5) subTarget(0) extendedPlatform(0) -> platform(13) subTarget(537395200) extendedPlatform(0)
Refreshing native plugins compatible for Editor in 0.31 ms, found 1 plugins.
Preloading 0 native plugins for Editor in 0.00 ms.
Unloading 1808 Unused Serialized files (Serialized files now loaded: 0)
System memory in use before: 87.8 MB.
System memory in use after: 87.9 MB.

Unloading 8 unused Assets to reduce memory usage. Loaded Objects now: 2291.
Total: 2.740200 ms (FindLiveObjects: 0.318900 ms CreateObjectMapping: 0.158000 ms MarkObjects: 2.231400 ms  DeleteObjects: 0.031000 ms)

AssetImportParameters requested are different than current active one (requested -> active):
  custom:graphics/normal-map-encoding: 01000000000000000000000000000000 -> 02000000000000000000000000000000
========================================================================
Received Prepare
Registering precompiled user dll's ...
Registered in 0.001073 seconds.
Begin MonoManager ReloadAssembly
Native extension for WindowsStandalone target not found
Refreshing native plugins compatible for Editor in 0.56 ms, found 1 plugins.
Preloading 0 native plugins for Editor in 0.00 ms.
Mono: successfully reloaded assembly
- Completed reload, in  0.982 seconds
Platform modules already initialized, skipping
Switching build target platform(5) subTarget(0) extendedPlatform(0) -> platform(13) subTarget(537395200) extendedPlatform(0)
Refreshing native plugins compatible for Editor in 0.30 ms, found 1 plugins.
Preloading 0 native plugins for Editor in 0.00 ms.
Unloading 1808 Unused Serialized files (Serialized files now loaded: 0)
System memory in use before: 87.8 MB.
System memory in use after: 87.9 MB.

Unloading 8 unused Assets to reduce memory usage. Loaded Objects now: 2294.
Total: 2.124400 ms (FindLiveObjects: 0.175200 ms CreateObjectMapping: 0.060900 ms MarkObjects: 1.874400 ms  DeleteObjects: 0.013200 ms)

AssetImportParameters requested are different than current active one (requested -> active):
  custom:graphics/normal-map-encoding: 01000000000000000000000000000000 -> 02000000000000000000000000000000
========================================================================
Received Prepare
Registering precompiled user dll's ...
Registered in 0.001029 seconds.
Begin MonoManager ReloadAssembly
Native extension for WindowsStandalone target not found
Refreshing native plugins compatible for Editor in 0.50 ms, found 1 plugins.
Preloading 0 native plugins for Editor in 0.00 ms.
Mono: successfully reloaded assembly
- Completed reload, in  1.024 seconds
Platform modules already initialized, skipping
Switching build target platform(5) subTarget(0) extendedPlatform(0) -> platform(13) subTarget(537395200) extendedPlatform(0)
Refreshing native plugins compatible for Editor in 0.30 ms, found 1 plugins.
Preloading 0 native plugins for Editor in 0.00 ms.
Unloading 1808 Unused Serialized files (Serialized files now loaded: 0)
System memory in use before: 87.8 MB.
System memory in use after: 87.9 MB.

Unloading 8 unused Assets to reduce memory usage. Loaded Objects now: 2297.
Total: 2.279100 ms (FindLiveObjects: 0.430700 ms CreateObjectMapping: 0.120500 ms MarkObjects: 1.713900 ms  DeleteObjects: 0.013000 ms)

AssetImportParameters requested are different than current active one (requested -> active):
  custom:graphics/normal-map-encoding: 01000000000000000000000000000000 -> 02000000000000000000000000000000
========================================================================
Received Prepare
Registering precompiled user dll's ...
Registered in 0.001930 seconds.
Begin MonoManager ReloadAssembly
Native extension for WindowsStandalone target not found
Refreshing native plugins compatible for Editor in 0.31 ms, found 1 plugins.
Preloading 0 native plugins for Editor in 0.00 ms.
Mono: successfully reloaded assembly
- Completed reload, in  1.032 seconds
Platform modules already initialized, skipping
Switching build target platform(5) subTarget(0) extendedPlatform(0) -> platform(13) subTarget(537395200) extendedPlatform(0)
Refreshing native plugins compatible for Editor in 0.65 ms, found 1 plugins.
Preloading 0 native plugins for Editor in 0.00 ms.
Unloading 1808 Unused Serialized files (Serialized files now loaded: 0)
System memory in use before: 87.8 MB.
System memory in use after: 87.9 MB.

Unloading 8 unused Assets to reduce memory usage. Loaded Objects now: 2300.
Total: 2.184400 ms (FindLiveObjects: 0.279500 ms CreateObjectMapping: 0.082400 ms MarkObjects: 1.806100 ms  DeleteObjects: 0.014500 ms)

AssetImportParameters requested are different than current active one (requested -> active):
  custom:graphics/normal-map-encoding: 01000000000000000000000000000000 -> 02000000000000000000000000000000
========================================================================
Received Import Request.
  Time since last request: 610.896540 seconds.
  path: Assets/pre/suansniping 4.prefab
  artifactKey: Guid(48815b577d6df2243bcc7e279bbe9664) Importer(815301076,1909f56bfc062723c751e8b465ee728b)
Start importing Assets/pre/suansniping 4.prefab using Guid(48815b577d6df2243bcc7e279bbe9664) Importer(815301076,1909f56bfc062723c751e8b465ee728b)  -> (artifact id: '359a15d55472d45ca204d2892029466f') in 0.077134 seconds
  Import took 0.083423 seconds .

========================================================================
Received Import Request.
  Time since last request: 6.372710 seconds.
  path: Assets/pre/suansniping 4.prefab
  artifactKey: Guid(48815b577d6df2243bcc7e279bbe9664) Importer(815301076,1909f56bfc062723c751e8b465ee728b)
Start importing Assets/pre/suansniping 4.prefab using Guid(48815b577d6df2243bcc7e279bbe9664) Importer(815301076,1909f56bfc062723c751e8b465ee728b)  -> (artifact id: '1e2ed39b6f9b14365690442b2fbeadcc') in 0.021561 seconds
  Import took 0.077375 seconds .

========================================================================
Received Import Request.
  Time since last request: 1.113921 seconds.
  path: Assets/pre/suansniping 4.prefab
  artifactKey: Guid(48815b577d6df2243bcc7e279bbe9664) Importer(815301076,1909f56bfc062723c751e8b465ee728b)
Start importing Assets/pre/suansniping 4.prefab using Guid(48815b577d6df2243bcc7e279bbe9664) Importer(815301076,1909f56bfc062723c751e8b465ee728b)  -> (artifact id: 'abe8a299ba4d56da0d9938e7106b9bd9') in 0.017019 seconds
  Import took 0.022735 seconds .

========================================================================
Received Import Request.
  Time since last request: 0.002736 seconds.
  path: Assets/pre/suansniping 4.prefab
  artifactKey: Guid(48815b577d6df2243bcc7e279bbe9664) Importer(815301076,1909f56bfc062723c751e8b465ee728b)
Start importing Assets/pre/suansniping 4.prefab using Guid(48815b577d6df2243bcc7e279bbe9664) Importer(815301076,1909f56bfc062723c751e8b465ee728b)  -> (artifact id: 'abe8a299ba4d56da0d9938e7106b9bd9') in 0.019099 seconds
  Import took 0.025483 seconds .

========================================================================
Received Import Request.
  Time since last request: 1.688741 seconds.
  path: Assets/pre/suansniping 4.prefab
  artifactKey: Guid(48815b577d6df2243bcc7e279bbe9664) Importer(815301076,1909f56bfc062723c751e8b465ee728b)
Start importing Assets/pre/suansniping 4.prefab using Guid(48815b577d6df2243bcc7e279bbe9664) Importer(815301076,1909f56bfc062723c751e8b465ee728b)  -> (artifact id: 'b7d985177c6883eee1008b8b6ad03f94') in 0.015670 seconds
  Import took 0.025139 seconds .

========================================================================
Received Import Request.
  Time since last request: 1.934820 seconds.
  path: Assets/pre/suansniping 4.prefab
  artifactKey: Guid(48815b577d6df2243bcc7e279bbe9664) Importer(815301076,1909f56bfc062723c751e8b465ee728b)
Start importing Assets/pre/suansniping 4.prefab using Guid(48815b577d6df2243bcc7e279bbe9664) Importer(815301076,1909f56bfc062723c751e8b465ee728b)  -> (artifact id: '932ad12189c4a6aea4b24ff9d443743b') in 0.031510 seconds
  Import took 0.037150 seconds .

========================================================================
Received Import Request.
  Time since last request: 2.236503 seconds.
  path: Assets/pre/suansniping 4.prefab
  artifactKey: Guid(48815b577d6df2243bcc7e279bbe9664) Importer(815301076,1909f56bfc062723c751e8b465ee728b)
Start importing Assets/pre/suansniping 4.prefab using Guid(48815b577d6df2243bcc7e279bbe9664) Importer(815301076,1909f56bfc062723c751e8b465ee728b)  -> (artifact id: '0497fe33d46ba5c62f4e16157bb8ac7a') in 0.015107 seconds
  Import took 0.021824 seconds .

========================================================================
Received Import Request.
  Time since last request: 4.810324 seconds.
  path: Assets/pre/suansniping 4.prefab
  artifactKey: Guid(48815b577d6df2243bcc7e279bbe9664) Importer(815301076,1909f56bfc062723c751e8b465ee728b)
Start importing Assets/pre/suansniping 4.prefab using Guid(48815b577d6df2243bcc7e279bbe9664) Importer(815301076,1909f56bfc062723c751e8b465ee728b)  -> (artifact id: '25575e5d578f8cdbed87b596ed452da1') in 0.024962 seconds
  Import took 0.036501 seconds .

========================================================================
Received Import Request.
  Time since last request: 10.174368 seconds.
  path: Assets/Sc/SuanSnipingImage.cs
  artifactKey: Guid(25be3ff90e17aca4e9d781231508a434) Importer(815301076,1909f56bfc062723c751e8b465ee728b)
Start importing Assets/Sc/SuanSnipingImage.cs using Guid(25be3ff90e17aca4e9d781231508a434) Importer(815301076,1909f56bfc062723c751e8b465ee728b)  -> (artifact id: 'a54adf38cfd83a51ba979e3df88242da') in 0.010566 seconds
  Import took 0.016286 seconds .

========================================================================
Received Import Request.
  Time since last request: 0.002787 seconds.
  path: Assets/Sc/SuanSnipingImage.cs
  artifactKey: Guid(25be3ff90e17aca4e9d781231508a434) Importer(815301076,1909f56bfc062723c751e8b465ee728b)
Start importing Assets/Sc/SuanSnipingImage.cs using Guid(25be3ff90e17aca4e9d781231508a434) Importer(815301076,1909f56bfc062723c751e8b465ee728b)  -> (artifact id: 'a54adf38cfd83a51ba979e3df88242da') in 0.003169 seconds
  Import took 0.008941 seconds .

========================================================================
Received Import Request.
  Time since last request: 3.405978 seconds.
  path: Assets/pre/suansniping 4.prefab
  artifactKey: Guid(48815b577d6df2243bcc7e279bbe9664) Importer(815301076,1909f56bfc062723c751e8b465ee728b)
Start importing Assets/pre/suansniping 4.prefab using Guid(48815b577d6df2243bcc7e279bbe9664) Importer(815301076,1909f56bfc062723c751e8b465ee728b)  -> (artifact id: 'd817b4e9b4e5d94bc87d558ac806194f') in 0.022852 seconds
  Import took 0.028063 seconds .

========================================================================
Received Import Request.
  Time since last request: 0.004537 seconds.
  path: Assets/pre/suansniping 4.prefab
  artifactKey: Guid(48815b577d6df2243bcc7e279bbe9664) Importer(815301076,1909f56bfc062723c751e8b465ee728b)
Start importing Assets/pre/suansniping 4.prefab using Guid(48815b577d6df2243bcc7e279bbe9664) Importer(815301076,1909f56bfc062723c751e8b465ee728b)  -> (artifact id: 'd817b4e9b4e5d94bc87d558ac806194f') in 0.022711 seconds
  Import took 0.027416 seconds .

========================================================================
Received Import Request.
  Time since last request: 3.280556 seconds.
  path: Assets/pre/suansniping 4.prefab
  artifactKey: Guid(48815b577d6df2243bcc7e279bbe9664) Importer(815301076,1909f56bfc062723c751e8b465ee728b)
Start importing Assets/pre/suansniping 4.prefab using Guid(48815b577d6df2243bcc7e279bbe9664) Importer(815301076,1909f56bfc062723c751e8b465ee728b)  -> (artifact id: 'a997c0142e1de9983972b8c2094f0ebd') in 0.018377 seconds
  Import took 0.023370 seconds .

========================================================================
Received Import Request.
  Time since last request: 14.264195 seconds.
  path: Assets/pre/regeno-export.prefab
  artifactKey: Guid(07e7c2a539b6b56489eeafa2d08a5ac3) Importer(815301076,1909f56bfc062723c751e8b465ee728b)
Start importing Assets/pre/regeno-export.prefab using Guid(07e7c2a539b6b56489eeafa2d08a5ac3) Importer(815301076,1909f56bfc062723c751e8b465ee728b)  -> (artifact id: '9e68bdbf4cf5f97b5fac0c154e4007ca') in 0.028724 seconds
  Import took 0.033778 seconds .

========================================================================
Received Prepare
Registering precompiled user dll's ...
Registered in 0.001362 seconds.
Begin MonoManager ReloadAssembly
Native extension for WindowsStandalone target not found
Refreshing native plugins compatible for Editor in 0.31 ms, found 1 plugins.
Preloading 0 native plugins for Editor in 0.00 ms.
Mono: successfully reloaded assembly
- Completed reload, in  1.032 seconds
Platform modules already initialized, skipping
Switching build target platform(5) subTarget(0) extendedPlatform(0) -> platform(13) subTarget(537395200) extendedPlatform(0)
Refreshing native plugins compatible for Editor in 0.39 ms, found 1 plugins.
Preloading 0 native plugins for Editor in 0.00 ms.
Unloading 1808 Unused Serialized files (Serialized files now loaded: 0)
System memory in use before: 87.8 MB.
System memory in use after: 87.9 MB.

Unloading 8 unused Assets to reduce memory usage. Loaded Objects now: 2304.
Total: 1.945300 ms (FindLiveObjects: 0.159200 ms CreateObjectMapping: 0.056700 ms MarkObjects: 1.712700 ms  DeleteObjects: 0.016000 ms)

AssetImportParameters requested are different than current active one (requested -> active):
  custom:graphics/normal-map-encoding: 01000000000000000000000000000000 -> 02000000000000000000000000000000
========================================================================
Received Prepare
Registering precompiled user dll's ...
Registered in 0.001531 seconds.
Begin MonoManager ReloadAssembly
Native extension for WindowsStandalone target not found
Refreshing native plugins compatible for Editor in 0.35 ms, found 1 plugins.
Preloading 0 native plugins for Editor in 0.00 ms.
Mono: successfully reloaded assembly
- Completed reload, in  0.986 seconds
Platform modules already initialized, skipping
Switching build target platform(5) subTarget(0) extendedPlatform(0) -> platform(13) subTarget(537395200) extendedPlatform(0)
Refreshing native plugins compatible for Editor in 0.42 ms, found 1 plugins.
Preloading 0 native plugins for Editor in 0.00 ms.
Unloading 1808 Unused Serialized files (Serialized files now loaded: 0)
System memory in use before: 87.8 MB.
System memory in use after: 87.9 MB.

Unloading 8 unused Assets to reduce memory usage. Loaded Objects now: 2307.
Total: 2.608800 ms (FindLiveObjects: 0.198800 ms CreateObjectMapping: 0.069900 ms MarkObjects: 2.293800 ms  DeleteObjects: 0.045500 ms)

AssetImportParameters requested are different than current active one (requested -> active):
  custom:graphics/normal-map-encoding: 01000000000000000000000000000000 -> 02000000000000000000000000000000
========================================================================
Received Import Request.
  Time since last request: 484.806033 seconds.
  path: Assets/pre/suansniping 4.prefab
  artifactKey: Guid(48815b577d6df2243bcc7e279bbe9664) Importer(815301076,1909f56bfc062723c751e8b465ee728b)
Start importing Assets/pre/suansniping 4.prefab using Guid(48815b577d6df2243bcc7e279bbe9664) Importer(815301076,1909f56bfc062723c751e8b465ee728b)  -> (artifact id: '453aeafbc355c1b95044ff2b771c435b') in 0.117423 seconds
  Import took 0.121929 seconds .

========================================================================
Received Prepare
Registering precompiled user dll's ...
Registered in 0.001052 seconds.
Begin MonoManager ReloadAssembly
Native extension for WindowsStandalone target not found
Refreshing native plugins compatible for Editor in 0.31 ms, found 1 plugins.
Preloading 0 native plugins for Editor in 0.00 ms.
Mono: successfully reloaded assembly
- Completed reload, in  0.956 seconds
Platform modules already initialized, skipping
Switching build target platform(5) subTarget(0) extendedPlatform(0) -> platform(13) subTarget(537395200) extendedPlatform(0)
Refreshing native plugins compatible for Editor in 0.32 ms, found 1 plugins.
Preloading 0 native plugins for Editor in 0.00 ms.
Unloading 1808 Unused Serialized files (Serialized files now loaded: 0)
System memory in use before: 87.8 MB.
System memory in use after: 87.9 MB.

Unloading 8 unused Assets to reduce memory usage. Loaded Objects now: 2311.
Total: 2.190600 ms (FindLiveObjects: 0.215700 ms CreateObjectMapping: 0.056800 ms MarkObjects: 1.904000 ms  DeleteObjects: 0.013000 ms)

AssetImportParameters requested are different than current active one (requested -> active):
  custom:graphics/normal-map-encoding: 01000000000000000000000000000000 -> 02000000000000000000000000000000
========================================================================
Received Import Request.
  Time since last request: 255.895946 seconds.
  path: Assets/pre/suansniping 4.prefab
  artifactKey: Guid(48815b577d6df2243bcc7e279bbe9664) Importer(815301076,1909f56bfc062723c751e8b465ee728b)
Start importing Assets/pre/suansniping 4.prefab using Guid(48815b577d6df2243bcc7e279bbe9664) Importer(815301076,1909f56bfc062723c751e8b465ee728b)  -> (artifact id: '5fda887e1c776e452db91b070cb37a5b') in 0.078715 seconds
  Import took 0.082770 seconds .

========================================================================
Received Prepare
Registering precompiled user dll's ...
Registered in 0.002213 seconds.
Begin MonoManager ReloadAssembly
Native extension for WindowsStandalone target not found
Refreshing native plugins compatible for Editor in 0.48 ms, found 1 plugins.
Preloading 0 native plugins for Editor in 0.00 ms.
Mono: successfully reloaded assembly
- Completed reload, in  1.724 seconds
Platform modules already initialized, skipping
Switching build target platform(5) subTarget(0) extendedPlatform(0) -> platform(13) subTarget(537395200) extendedPlatform(0)
Refreshing native plugins compatible for Editor in 0.44 ms, found 1 plugins.
Preloading 0 native plugins for Editor in 0.00 ms.
Unloading 1808 Unused Serialized files (Serialized files now loaded: 0)
System memory in use before: 87.8 MB.
System memory in use after: 87.9 MB.

Unloading 8 unused Assets to reduce memory usage. Loaded Objects now: 2315.
Total: 5.771200 ms (FindLiveObjects: 0.394600 ms CreateObjectMapping: 0.309900 ms MarkObjects: 5.033000 ms  DeleteObjects: 0.031500 ms)

AssetImportParameters requested are different than current active one (requested -> active):
  custom:graphics/normal-map-encoding: 01000000000000000000000000000000 -> 02000000000000000000000000000000
AssetImportWorkerClient::OnTransportError - code=2 error=End of file
